["INFO" - 10:13:41 p. m.] Extension Name: esbenp.prettier-vscode.
["INFO" - 10:13:41 p. m.] Extension Version: 4.4.0.
["INFO" - 10:13:42 p. m.] Enabling prettier for languages
[
  "css",
  "graphql",
  "html",
  "javascript",
  "javascriptreact",
  "json",
  "json5",
  "jsonc",
  "less",
  "markdown",
  "mdx",
  "mongo",
  "postcss",
  "scss",
  "typescript",
  "typescriptreact",
  "vue",
  "yaml"
]
["INFO" - 10:13:42 p. m.] Enabling prettier for range supported languages
[
  "graphql",
  "javascript",
  "javascriptreact",
  "json",
  "typescript",
  "typescriptreact"
]
